{"E:\\Documents\\CS481\\testing\\extensionTesting\\content.js": {"path":"E:\\Documents\\CS481\\testing\\extensionTesting\\content.js","statementMap":{"0":{"start":{"line":5,"column":18},"end":{"line":5,"column":57}},"1":{"start":{"line":8,"column":2},"end":{"line":11,"column":3}},"2":{"start":{"line":10,"column":4},"end":{"line":10,"column":13}},"3":{"start":{"line":14,"column":24},"end":{"line":14,"column":75}},"4":{"start":{"line":15,"column":2},"end":{"line":17,"column":3}},"5":{"start":{"line":15,"column":15},"end":{"line":15,"column":16}},"6":{"start":{"line":15,"column":22},"end":{"line":15,"column":38}},"7":{"start":{"line":16,"column":4},"end":{"line":16,"column":70}},"8":{"start":{"line":23,"column":12},"end":{"line":23,"column":50}},"9":{"start":{"line":24,"column":24},"end":{"line":24,"column":39}},"10":{"start":{"line":25,"column":2},"end":{"line":27,"column":3}},"11":{"start":{"line":25,"column":15},"end":{"line":25,"column":16}},"12":{"start":{"line":26,"column":4},"end":{"line":26,"column":35}},"13":{"start":{"line":32,"column":18},"end":{"line":32,"column":53}},"14":{"start":{"line":33,"column":2},"end":{"line":33,"column":36}},"15":{"start":{"line":38,"column":12},"end":{"line":38,"column":42}},"16":{"start":{"line":39,"column":2},"end":{"line":39,"column":30}},"17":{"start":{"line":44,"column":20},"end":{"line":44,"column":55}},"18":{"start":{"line":45,"column":2},"end":{"line":45,"column":93}},"19":{"start":{"line":50,"column":18},"end":{"line":50,"column":55}},"20":{"start":{"line":51,"column":2},"end":{"line":51,"column":36}},"21":{"start":{"line":56,"column":16},"end":{"line":56,"column":51}},"22":{"start":{"line":57,"column":2},"end":{"line":57,"column":125}},"23":{"start":{"line":60,"column":0},"end":{"line":60,"column":46}},"24":{"start":{"line":61,"column":0},"end":{"line":61,"column":34}},"25":{"start":{"line":62,"column":0},"end":{"line":62,"column":32}},"26":{"start":{"line":63,"column":0},"end":{"line":63,"column":38}},"27":{"start":{"line":64,"column":0},"end":{"line":64,"column":38}},"28":{"start":{"line":65,"column":0},"end":{"line":65,"column":40}},"29":{"start":{"line":66,"column":0},"end":{"line":66,"column":40}}},"fnMap":{"0":{"name":"dropdownInject","decl":{"start":{"line":4,"column":9},"end":{"line":4,"column":23}},"loc":{"start":{"line":4,"column":25},"end":{"line":19,"column":1}},"line":4},"1":{"name":"tfInject","decl":{"start":{"line":22,"column":9},"end":{"line":22,"column":17}},"loc":{"start":{"line":22,"column":19},"end":{"line":28,"column":1}},"line":22},"2":{"name":"loginPA","decl":{"start":{"line":31,"column":9},"end":{"line":31,"column":16}},"loc":{"start":{"line":31,"column":18},"end":{"line":34,"column":1}},"line":31},"3":{"name":"accinfoUID","decl":{"start":{"line":37,"column":9},"end":{"line":37,"column":19}},"loc":{"start":{"line":37,"column":21},"end":{"line":40,"column":1}},"line":37},"4":{"name":"accinfoTCU","decl":{"start":{"line":43,"column":9},"end":{"line":43,"column":19}},"loc":{"start":{"line":43,"column":21},"end":{"line":46,"column":1}},"line":43},"5":{"name":"groceryDump","decl":{"start":{"line":49,"column":9},"end":{"line":49,"column":20}},"loc":{"start":{"line":49,"column":22},"end":{"line":52,"column":1}},"line":49},"6":{"name":"inventoryMC","decl":{"start":{"line":55,"column":9},"end":{"line":55,"column":20}},"loc":{"start":{"line":55,"column":22},"end":{"line":58,"column":1}},"line":55}},"branchMap":{"0":{"loc":{"start":{"line":8,"column":2},"end":{"line":11,"column":3}},"type":"if","locations":[{"start":{"line":8,"column":2},"end":{"line":11,"column":3}},{"start":{"line":8,"column":2},"end":{"line":11,"column":3}}],"line":8}},"s":{"0":2,"1":2,"2":1,"3":1,"4":1,"5":1,"6":1,"7":1,"8":1,"9":1,"10":1,"11":1,"12":1,"13":1,"14":1,"15":1,"16":1,"17":1,"18":1,"19":1,"20":1,"21":1,"22":1,"23":1,"24":1,"25":1,"26":1,"27":1,"28":1,"29":1},"f":{"0":2,"1":1,"2":1,"3":1,"4":1,"5":1,"6":1},"b":{"0":[1,1]},"_coverageSchema":"1a1c01bbd47fc00a2c39e90264f33305004495a9","hash":"1be530c6a3a9a4dd45722a228634d0c66f1315e7"}
}
