TN:
SF:content.js
FN:4,dropdownInject
FN:22,tfInject
FN:31,loginPA
FN:37,accinfoUID
FN:43,accinfoTCU
FN:49,groceryDump
FN:55,inventoryMC
FNF:7
FNH:7
FNDA:2,dropdownInject
FNDA:1,tfInject
FNDA:1,loginPA
FNDA:1,accinfoUID
FNDA:1,accinfoTCU
FNDA:1,groceryDump
FNDA:1,inventoryMC
DA:5,2
DA:8,2
DA:10,1
DA:14,1
DA:15,1
DA:16,1
DA:23,1
DA:24,1
DA:25,1
DA:26,1
DA:32,1
DA:33,1
DA:38,1
DA:39,1
DA:44,1
DA:45,1
DA:50,1
DA:51,1
DA:56,1
DA:57,1
DA:60,1
DA:61,1
DA:62,1
DA:63,1
DA:64,1
DA:65,1
DA:66,1
LF:27
LH:27
BRDA:8,0,0,1
BRDA:8,0,1,1
BRF:2
BRH:2
end_of_record
